La génération a démarré 22/04/2017 11:45:49.
Projet "C:\Users\Bebo\Source\Repos\cpp-Graphes-2017\CGrpahes\CGrpahes\CGrpahes.vcxproj" sur le nœud 2 (Build cible(s)).
ClCompile:
  C:\Program Files (x86)\Microsoft Visual Studio 11.0\VC\bin\CL.exe /c /I"C:\Program Files (x86)\Visual Leak Detector\include" /Zi /nologo /W3 /WX- /O2 /Oi /Oy- /GL /D WIN32 /D NDEBUG /D _CONSOLE /D _UNICODE /D UNICODE /Gm- /EHsc /MD /GS /Gy /fp:precise /Zc:wchar_t /Zc:forScope /Fo"Release\\" /Fd"Release\vc110.pdb" /Gd /TP /analyze- /errorReport:prompt CArc.cpp CException.cpp CGraphe.cpp CParse.cpp CSommet.cpp main.cpp
  CArc.cpp
  CException.cpp
  CGraphe.cpp
  CParse.cpp
  CSommet.cpp
  main.cpp
Link:
  C:\Program Files (x86)\Microsoft Visual Studio 11.0\VC\bin\link.exe /ERRORREPORT:PROMPT /OUT:"C:\Users\Bebo\Source\Repos\cpp-Graphes-2017\CGrpahes\Release\CGrpahes.exe" /INCREMENTAL:NO /NOLOGO /LIBPATH:"C:\Program Files (x86)\Visual Leak Detector\lib\Win32" kernel32.lib user32.lib gdi32.lib winspool.lib comdlg32.lib advapi32.lib shell32.lib ole32.lib oleaut32.lib uuid.lib odbc32.lib odbccp32.lib /MANIFEST /MANIFESTUAC:"level='asInvoker' uiAccess='false'" /manifest:embed /DEBUG /PDB:"C:\Users\Bebo\Source\Repos\cpp-Graphes-2017\CGrpahes\Release\CGrpahes.pdb" /SUBSYSTEM:CONSOLE /OPT:REF /OPT:ICF /LTCG /TLBID:1 /DYNAMICBASE /NXCOMPAT /IMPLIB:"C:\Users\Bebo\Source\Repos\cpp-Graphes-2017\CGrpahes\Release\CGrpahes.lib" /MACHINE:X86 /SAFESEH Release\CArc.obj
  Release\CException.obj
  Release\CGraphe.obj
  Release\CParse.obj
  Release\CSommet.obj
  Release\main.obj
  Génération de code en cours
  Fin de la génération du code
  CGrpahes.vcxproj -> C:\Users\Bebo\Source\Repos\cpp-Graphes-2017\CGrpahes\Release\CGrpahes.exe
Génération du projet "C:\Users\Bebo\Source\Repos\cpp-Graphes-2017\CGrpahes\CGrpahes\CGrpahes.vcxproj" terminée (Build cible(s)).

La génération a réussi.

Temps écoulé 00:00:03.61
