C:\USERS\BEBO\SOURCE\REPOS\CPP-GRAPHES-2017\CGRPAHES\CGRPAHES\DEBUG\CARC.CPP.NATIVECODEANALYSIS.XML
C:\USERS\BEBO\SOURCE\REPOS\CPP-GRAPHES-2017\CGRPAHES\CGRPAHES\DEBUG\CARC.OBJ
C:\USERS\BEBO\SOURCE\REPOS\CPP-GRAPHES-2017\CGRPAHES\CGRPAHES\DEBUG\VC110.PDB
C:\USERS\BEBO\SOURCE\REPOS\CPP-GRAPHES-2017\CGRPAHES\CGRPAHES\DEBUG\CEXCEPTION.CPP.NATIVECODEANALYSIS.XML
C:\USERS\BEBO\SOURCE\REPOS\CPP-GRAPHES-2017\CGRPAHES\CGRPAHES\DEBUG\CEXCEPTION.OBJ
C:\USERS\BEBO\SOURCE\REPOS\CPP-GRAPHES-2017\CGRPAHES\CGRPAHES\DEBUG\CGRAPHE.CPP.NATIVECODEANALYSIS.XML
C:\USERS\BEBO\SOURCE\REPOS\CPP-GRAPHES-2017\CGRPAHES\CGRPAHES\DEBUG\CGRAPHE.OBJ
C:\USERS\BEBO\SOURCE\REPOS\CPP-GRAPHES-2017\CGRPAHES\CGRPAHES\DEBUG\CPARSE.CPP.NATIVECODEANALYSIS.XML
C:\USERS\BEBO\SOURCE\REPOS\CPP-GRAPHES-2017\CGRPAHES\CGRPAHES\DEBUG\CPARSE.OBJ
C:\USERS\BEBO\SOURCE\REPOS\CPP-GRAPHES-2017\CGRPAHES\CGRPAHES\DEBUG\CPARSEGRAPHE.CPP.NATIVECODEANALYSIS.XML
C:\USERS\BEBO\SOURCE\REPOS\CPP-GRAPHES-2017\CGRPAHES\CGRPAHES\DEBUG\CPARSEGRAPHE.OBJ
C:\USERS\BEBO\SOURCE\REPOS\CPP-GRAPHES-2017\CGRPAHES\CGRPAHES\DEBUG\CSOMMET.CPP.NATIVECODEANALYSIS.XML
C:\USERS\BEBO\SOURCE\REPOS\CPP-GRAPHES-2017\CGRPAHES\CGRPAHES\DEBUG\CSOMMET.OBJ
C:\USERS\BEBO\SOURCE\REPOS\CPP-GRAPHES-2017\CGRPAHES\CGRPAHES\DEBUG\MAIN.CPP.NATIVECODEANALYSIS.XML
C:\USERS\BEBO\SOURCE\REPOS\CPP-GRAPHES-2017\CGRPAHES\CGRPAHES\DEBUG\MAIN.OBJ
C:\USERS\BEBO\SOURCE\REPOS\CPP-GRAPHES-2017\CGRPAHES\DEBUG\CGRAPHE.ILK
C:\USERS\BEBO\SOURCE\REPOS\CPP-GRAPHES-2017\CGRPAHES\DEBUG\CGRAPHE.EXE
C:\USERS\BEBO\SOURCE\REPOS\CPP-GRAPHES-2017\CGRPAHES\DEBUG\CGRAPHE.PDB
C:\Users\Bebo\Source\Repos\cpp-Graphes-2017\CGrpahes\CGrpahes\Debug\CArc.obj
C:\Users\Bebo\Source\Repos\cpp-Graphes-2017\CGrpahes\CGrpahes\Debug\CException.obj
C:\Users\Bebo\Source\Repos\cpp-Graphes-2017\CGrpahes\CGrpahes\Debug\CGraphe.obj
C:\Users\Bebo\Source\Repos\cpp-Graphes-2017\CGrpahes\CGrpahes\Debug\CParse.obj
C:\Users\Bebo\Source\Repos\cpp-Graphes-2017\CGrpahes\CGrpahes\Debug\CParseGraphe.obj
C:\Users\Bebo\Source\Repos\cpp-Graphes-2017\CGrpahes\CGrpahes\Debug\CSommet.obj
C:\Users\Bebo\Source\Repos\cpp-Graphes-2017\CGrpahes\CGrpahes\Debug\main.obj
C:\Users\Bebo\Source\Repos\cpp-Graphes-2017\CGrpahes\CGrpahes\Debug\cl.command.1.tlog
C:\Users\Bebo\Source\Repos\cpp-Graphes-2017\CGrpahes\CGrpahes\Debug\CL.read.1.tlog
C:\Users\Bebo\Source\Repos\cpp-Graphes-2017\CGrpahes\CGrpahes\Debug\CL.write.1.tlog
C:\Users\Bebo\Source\Repos\cpp-Graphes-2017\CGrpahes\CGrpahes\Debug\link-cvtres.read.1.tlog
C:\Users\Bebo\Source\Repos\cpp-Graphes-2017\CGrpahes\CGrpahes\Debug\link-cvtres.write.1.tlog
C:\Users\Bebo\Source\Repos\cpp-Graphes-2017\CGrpahes\CGrpahes\Debug\link-rc.read.1.tlog
C:\Users\Bebo\Source\Repos\cpp-Graphes-2017\CGrpahes\CGrpahes\Debug\link-rc.write.1.tlog
C:\Users\Bebo\Source\Repos\cpp-Graphes-2017\CGrpahes\CGrpahes\Debug\link.1316-cvtres.read.1.tlog
C:\Users\Bebo\Source\Repos\cpp-Graphes-2017\CGrpahes\CGrpahes\Debug\link.1316-cvtres.write.1.tlog
C:\Users\Bebo\Source\Repos\cpp-Graphes-2017\CGrpahes\CGrpahes\Debug\link.1316-rc.read.1.tlog
C:\Users\Bebo\Source\Repos\cpp-Graphes-2017\CGrpahes\CGrpahes\Debug\link.1316-rc.write.1.tlog
C:\Users\Bebo\Source\Repos\cpp-Graphes-2017\CGrpahes\CGrpahes\Debug\link.1316.read.1.tlog
C:\Users\Bebo\Source\Repos\cpp-Graphes-2017\CGrpahes\CGrpahes\Debug\link.1316.write.1.tlog
C:\Users\Bebo\Source\Repos\cpp-Graphes-2017\CGrpahes\CGrpahes\Debug\link.command.1.tlog
C:\Users\Bebo\Source\Repos\cpp-Graphes-2017\CGrpahes\CGrpahes\Debug\link.read.1.tlog
C:\Users\Bebo\Source\Repos\cpp-Graphes-2017\CGrpahes\CGrpahes\Debug\link.write.1.tlog
C:\Users\Bebo\Source\Repos\cpp-Graphes-2017\CGrpahes\CGrpahes\Debug\NativeCodeAnalysis.read.1.tlog
C:\Users\Bebo\Source\Repos\cpp-Graphes-2017\CGrpahes\CGrpahes\Debug\vc110.idb
C:\Users\Bebo\Source\Repos\cpp-Graphes-2017\CGrpahes\CGrpahes\Debug\vc110.pdb
C:\Users\Bebo\Source\Repos\cpp-Graphes-2017\CGrpahes\CGrpahes\Debug\CArc.cpp.nativecodeanalysis.xml
C:\Users\Bebo\Source\Repos\cpp-Graphes-2017\CGrpahes\CGrpahes\Debug\CException.cpp.nativecodeanalysis.xml
C:\Users\Bebo\Source\Repos\cpp-Graphes-2017\CGrpahes\CGrpahes\Debug\CGraphe.cpp.nativecodeanalysis.xml
C:\Users\Bebo\Source\Repos\cpp-Graphes-2017\CGrpahes\CGrpahes\Debug\CParse.cpp.nativecodeanalysis.xml
C:\Users\Bebo\Source\Repos\cpp-Graphes-2017\CGrpahes\CGrpahes\Debug\CParseGraphe.cpp.nativecodeanalysis.xml
C:\Users\Bebo\Source\Repos\cpp-Graphes-2017\CGrpahes\CGrpahes\Debug\CSommet.cpp.nativecodeanalysis.xml
C:\Users\Bebo\Source\Repos\cpp-Graphes-2017\CGrpahes\CGrpahes\Debug\main.cpp.nativecodeanalysis.xml
C:\Users\Bebo\Source\Repos\cpp-Graphes-2017\CGrpahes\CGrpahes\Debug\vc.nativecodeanalysis.all.xml
C:\Users\Bebo\Source\Repos\cpp-Graphes-2017\CGrpahes\Debug\CGraphe.pdb
C:\Users\Bebo\Source\Repos\cpp-Graphes-2017\CGrpahes\Debug\CGraphe.exe
C:\Users\Bebo\Source\Repos\cpp-Graphes-2017\CGrpahes\Debug\CGraphe.ilk
C:\Users\Bebo\Source\Repos\cpp-Graphes-2017\CGrpahes\Debug\CGraphe.exe.lastcodeanalysissucceeded
