La génération a démarré 25/04/2017 21:32:47.
Projet "C:\Users\Bebo\Source\Repos\cpp-Graphes-2017\CGrpahes\CGrpahes\CGrpahes.vcxproj" sur le nœud 2 (Build cible(s)).
ClCompile:
  C:\Program Files (x86)\Microsoft Visual Studio 11.0\VC\bin\CL.exe /c /I"C:\Program Files (x86)\Visual Leak Detector\include" /ZI /nologo /W3 /WX- /Od /Oy- /D WIN32 /D _DEBUG /D _CONSOLE /D _UNICODE /D UNICODE /Gm /EHsc /RTC1 /MDd /GS /fp:precise /Zc:wchar_t /Zc:forScope /Fo"Debug\\" /Fd"Debug\vc110.pdb" /Gd /TP /analyze- /errorReport:prompt CArc.cpp CException.cpp CGraphe.cpp CParse.cpp CParseGraphe.cpp CSommet.cpp main.cpp
  main.cpp
  CSommet.cpp
  CParseGraphe.cpp
  CParse.cpp
c:\users\bebo\source\repos\cpp-graphes-2017\cgrpahes\cgrpahes\cparse.cpp(80): warning C4996: 'strncpy': This function or variable may be unsafe. Consider using strncpy_s instead. To disable deprecation, use _CRT_SECURE_NO_WARNINGS. See online help for details.
          c:\program files (x86)\microsoft visual studio 11.0\vc\include\string.h(191) : voir la déclaration de 'strncpy'
c:\users\bebo\source\repos\cpp-graphes-2017\cgrpahes\cgrpahes\cparse.cpp(98): warning C4996: 'fopen': This function or variable may be unsafe. Consider using fopen_s instead. To disable deprecation, use _CRT_SECURE_NO_WARNINGS. See online help for details.
          c:\program files (x86)\microsoft visual studio 11.0\vc\include\stdio.h(218) : voir la déclaration de 'fopen'
c:\users\bebo\source\repos\cpp-graphes-2017\cgrpahes\cgrpahes\cparse.cpp(218): warning C4996: 'strncpy': This function or variable may be unsafe. Consider using strncpy_s instead. To disable deprecation, use _CRT_SECURE_NO_WARNINGS. See online help for details.
          c:\program files (x86)\microsoft visual studio 11.0\vc\include\string.h(191) : voir la déclaration de 'strncpy'
c:\users\bebo\source\repos\cpp-graphes-2017\cgrpahes\cgrpahes\cparse.cpp(219): warning C4996: 'strncpy': This function or variable may be unsafe. Consider using strncpy_s instead. To disable deprecation, use _CRT_SECURE_NO_WARNINGS. See online help for details.
          c:\program files (x86)\microsoft visual studio 11.0\vc\include\string.h(191) : voir la déclaration de 'strncpy'
  CGraphe.cpp
  CException.cpp
  CArc.cpp
  Génération de code en cours...
Link:
  C:\Program Files (x86)\Microsoft Visual Studio 11.0\VC\bin\link.exe /ERRORREPORT:PROMPT /OUT:"C:\Users\Bebo\Source\Repos\cpp-Graphes-2017\CGrpahes\Debug\CGraphe.exe" /INCREMENTAL /NOLOGO /LIBPATH:"C:\Program Files (x86)\Visual Leak Detector\lib\Win32" kernel32.lib user32.lib gdi32.lib winspool.lib comdlg32.lib advapi32.lib shell32.lib ole32.lib oleaut32.lib uuid.lib odbc32.lib odbccp32.lib /MANIFEST /MANIFESTUAC:"level='asInvoker' uiAccess='false'" /manifest:embed /DEBUG /PDB:"C:\Users\Bebo\Source\Repos\cpp-Graphes-2017\CGrpahes\Debug\CGraphe.pdb" /SUBSYSTEM:CONSOLE /TLBID:1 /DYNAMICBASE /NXCOMPAT /IMPLIB:"C:\Users\Bebo\Source\Repos\cpp-Graphes-2017\CGrpahes\Debug\CGraphe.lib" /MACHINE:X86 Debug\CArc.obj
  Debug\CException.obj
  Debug\CGraphe.obj
  Debug\CParse.obj
  Debug\CParseGraphe.obj
  Debug\CSommet.obj
  Debug\main.obj
  CGrpahes.vcxproj -> C:\Users\Bebo\Source\Repos\cpp-Graphes-2017\CGrpahes\Debug\CGraphe.exe
Génération du projet "C:\Users\Bebo\Source\Repos\cpp-Graphes-2017\CGrpahes\CGrpahes\CGrpahes.vcxproj" terminée (Build cible(s)).

La génération a réussi.

Temps écoulé 00:00:05.35
