C:\USERS\BEBO\SOURCE\REPOS\CPP-GRAPHES-2017\CGRPAHES\CGRPAHES\DEBUG\CARC.OBJ
C:\USERS\BEBO\SOURCE\REPOS\CPP-GRAPHES-2017\CGRPAHES\CGRPAHES\DEBUG\CEXCEPTION.OBJ
C:\USERS\BEBO\SOURCE\REPOS\CPP-GRAPHES-2017\CGRPAHES\CGRPAHES\DEBUG\CPARSE.OBJ
C:\USERS\BEBO\SOURCE\REPOS\CPP-GRAPHES-2017\CGRPAHES\CGRPAHES\DEBUG\VC110.PDB
C:\USERS\BEBO\SOURCE\REPOS\CPP-GRAPHES-2017\CGRPAHES\CGRPAHES\DEBUG\CGRAPHE.OBJ
C:\USERS\BEBO\SOURCE\REPOS\CPP-GRAPHES-2017\CGRPAHES\CGRPAHES\DEBUG\CSOMMET.OBJ
C:\USERS\BEBO\SOURCE\REPOS\CPP-GRAPHES-2017\CGRPAHES\CGRPAHES\DEBUG\MAIN.OBJ
C:\USERS\BEBO\SOURCE\REPOS\CPP-GRAPHES-2017\CGRPAHES\DEBUG\CGRPAHES.ILK
C:\USERS\BEBO\SOURCE\REPOS\CPP-GRAPHES-2017\CGRPAHES\DEBUG\CGRPAHES.EXE
C:\USERS\BEBO\SOURCE\REPOS\CPP-GRAPHES-2017\CGRPAHES\DEBUG\CGRPAHES.PDB
C:\Users\Bebo\Source\Repos\cpp-Graphes-2017\CGrpahes\CGrpahes\Debug\CArc.obj
C:\Users\Bebo\Source\Repos\cpp-Graphes-2017\CGrpahes\CGrpahes\Debug\CException.obj
C:\Users\Bebo\Source\Repos\cpp-Graphes-2017\CGrpahes\CGrpahes\Debug\CGraphe.obj
C:\Users\Bebo\Source\Repos\cpp-Graphes-2017\CGrpahes\CGrpahes\Debug\CParse.obj
C:\Users\Bebo\Source\Repos\cpp-Graphes-2017\CGrpahes\CGrpahes\Debug\CSommet.obj
C:\Users\Bebo\Source\Repos\cpp-Graphes-2017\CGrpahes\CGrpahes\Debug\main.obj
C:\Users\Bebo\Source\Repos\cpp-Graphes-2017\CGrpahes\CGrpahes\Debug\cl.command.1.tlog
C:\Users\Bebo\Source\Repos\cpp-Graphes-2017\CGrpahes\CGrpahes\Debug\CL.read.1.tlog
C:\Users\Bebo\Source\Repos\cpp-Graphes-2017\CGrpahes\CGrpahes\Debug\CL.write.1.tlog
C:\Users\Bebo\Source\Repos\cpp-Graphes-2017\CGrpahes\CGrpahes\Debug\link-cvtres.read.1.tlog
C:\Users\Bebo\Source\Repos\cpp-Graphes-2017\CGrpahes\CGrpahes\Debug\link-cvtres.write.1.tlog
C:\Users\Bebo\Source\Repos\cpp-Graphes-2017\CGrpahes\CGrpahes\Debug\link-rc.read.1.tlog
C:\Users\Bebo\Source\Repos\cpp-Graphes-2017\CGrpahes\CGrpahes\Debug\link-rc.write.1.tlog
C:\Users\Bebo\Source\Repos\cpp-Graphes-2017\CGrpahes\CGrpahes\Debug\link.2684-cvtres.read.1.tlog
C:\Users\Bebo\Source\Repos\cpp-Graphes-2017\CGrpahes\CGrpahes\Debug\link.2684-cvtres.write.1.tlog
C:\Users\Bebo\Source\Repos\cpp-Graphes-2017\CGrpahes\CGrpahes\Debug\link.2684-rc.read.1.tlog
C:\Users\Bebo\Source\Repos\cpp-Graphes-2017\CGrpahes\CGrpahes\Debug\link.2684-rc.write.1.tlog
C:\Users\Bebo\Source\Repos\cpp-Graphes-2017\CGrpahes\CGrpahes\Debug\link.2684.read.1.tlog
C:\Users\Bebo\Source\Repos\cpp-Graphes-2017\CGrpahes\CGrpahes\Debug\link.2684.write.1.tlog
C:\Users\Bebo\Source\Repos\cpp-Graphes-2017\CGrpahes\CGrpahes\Debug\link.command.1.tlog
C:\Users\Bebo\Source\Repos\cpp-Graphes-2017\CGrpahes\CGrpahes\Debug\link.read.1.tlog
C:\Users\Bebo\Source\Repos\cpp-Graphes-2017\CGrpahes\CGrpahes\Debug\link.write.1.tlog
C:\Users\Bebo\Source\Repos\cpp-Graphes-2017\CGrpahes\CGrpahes\Debug\vc110.idb
C:\Users\Bebo\Source\Repos\cpp-Graphes-2017\CGrpahes\CGrpahes\Debug\vc110.pdb
C:\Users\Bebo\Source\Repos\cpp-Graphes-2017\CGrpahes\Debug\CGrpahes.pdb
C:\Users\Bebo\Source\Repos\cpp-Graphes-2017\CGrpahes\Debug\CGrpahes.exe
C:\Users\Bebo\Source\Repos\cpp-Graphes-2017\CGrpahes\Debug\CGrpahes.ilk
